Arguments: 
  /Applications/Framer X.app/Contents/Resources/Node/bin/node /Applications/Framer X.app/Contents/Resources/Server/node_modules/yarn/lib/cli.js outdated --cwd /Users/YuYu/Library/Autosave Information/Framer-D0159FBF-7E2E-44DC-BBAA-EB4C9B7955D7/container --skip-integrity-check --cache-folder /Users/YuYu/Library/Caches/Framer/yarn/cache --mutex file:/Users/YuYu/Library/Caches/Framer/yarn/mutex --json

PATH: 
  /usr/bin:/bin:/usr/sbin:/sbin

Yarn version: 
  1.9.4

Node version: 
  8.11.2

Platform: 
  darwin x64

Trace: 
  Error: https://registry.yarnpkg.com/@types%2freact: ETIMEDOUT
      at Timeout._onTimeout (/Applications/Framer X.app/Contents/Resources/Server/node_modules/yarn/lib/cli.js:138128:19)
      at ontimeout (timers.js:498:11)
      at tryOnTimeout (timers.js:323:5)
      at Timer.listOnTimeout (timers.js:290:5)

npm manifest: 
  {
  	"main": "build/index.js",
  	"license": "MIT",
  	"devDependencies": {
  		"@framer/framer.device-skin-apple-iphone-se-space-gray": "^1.0.0",
  		"@framer/framer.device-skin-apple-iphone8-silver": "^1.0.0",
  		"@types/react": "^16.4.16",
  		"framer": "^0.9.7"
  	},
  	"peerDependencies": {
  		"framer": "^0.9.7",
  		"react": "^16.3.0",
  		"react-dom": "^16.3.0"
  	},
  	"framer": {
  		"id": "00ffbadd-dca6-40cc-b9e8-1577e7cdf856"
  	},
  	"author": "dinz chung",
  	"dependencies": {
  		"@framer/edoardo.ios-kit": "^1.4.0",
  		"@framer/framer.examples": "^1.5.0",
  		"styled-components": "^4.1.1"
  	}
  }

yarn manifest: 
  No manifest

Lockfile: 
  # THIS IS AN AUTOGENERATED FILE. DO NOT EDIT THIS FILE DIRECTLY.
  # yarn lockfile v1
  
  
  "@babel/helper-annotate-as-pure@^7.0.0":
    version "7.0.0"
    resolved "https://registry.yarnpkg.com/@babel/helper-annotate-as-pure/-/helper-annotate-as-pure-7.0.0.tgz#323d39dd0b50e10c7c06ca7d7638e6864d8c5c32"
    dependencies:
      "@babel/types" "^7.0.0"
  
  "@babel/types@^7.0.0":
    version "7.1.6"
    resolved "https://registry.yarnpkg.com/@babel/types/-/types-7.1.6.tgz#0adb330c3a281348a190263aceb540e10f04bcce"
    dependencies:
      esutils "^2.0.2"
      lodash "^4.17.10"
      to-fast-properties "^2.0.0"
  
  "@emotion/is-prop-valid@^0.6.8":
    version "0.6.8"
    resolved "https://registry.yarnpkg.com/@emotion/is-prop-valid/-/is-prop-valid-0.6.8.tgz#68ad02831da41213a2089d2cab4e8ac8b30cbd85"
    dependencies:
      "@emotion/memoize" "^0.6.6"
  
  "@emotion/memoize@^0.6.6":
    version "0.6.6"
    resolved "https://registry.yarnpkg.com/@emotion/memoize/-/memoize-0.6.6.tgz#004b98298d04c7ca3b4f50ca2035d4f60d2eed1b"
  
  "@emotion/unitless@^0.7.0":
    version "0.7.3"
    resolved "https://registry.yarnpkg.com/@emotion/unitless/-/unitless-0.7.3.tgz#6310a047f12d21a1036fb031317219892440416f"
  
  "@framer/edoardo.ios-kit@^1.4.0":
    version "1.4.0"
    resolved "https://registry.framer.com/@framer/edoardo.ios-kit/-/@framer/edoardo.ios-kit-1.4.0.tgz#4baffb96845b3521edc45c46507761782708532e"
  
  "@framer/framer.device-skin-apple-iphone-se-space-gray@^1.0.0":
    version "1.0.0"
    resolved "https://registry.framer.com/@framer/framer.device-skin-apple-iphone-se-space-gray/-/@framer/framer.device-skin-apple-iphone-se-space-gray-1.0.0.tgz#d8b9d750e286f6a3938092476a803ea680542aa1"
  
  "@framer/framer.device-skin-apple-iphone8-silver@^1.0.0":
    version "1.0.0"
    resolved "https://registry.framer.com/@framer/framer.device-skin-apple-iphone8-silver/-/@framer/framer.device-skin-apple-iphone8-silver-1.0.0.tgz#f120cfe6d8cf96ead1f656ab7eeddb23d0644ac1"
  
  "@framer/framer.examples@^1.5.0":
    version "1.5.0"
    resolved "https://registry.framer.com/@framer/framer.examples/-/@framer/framer.examples-1.5.0.tgz#3895e6052f47697f353cc18d48694049b473b047"
  
  "@types/prop-types@*":
    version "15.5.6"
    resolved "https://registry.yarnpkg.com/@types/prop-types/-/prop-types-15.5.6.tgz#9c03d3fed70a8d517c191b7734da2879b50ca26c"
  
  "@types/react@^16.4.16":
    version "16.4.16"
    resolved "https://registry.yarnpkg.com/@types/react/-/react-16.4.16.tgz#99f91b1200ae8c2062030402006d3b3c3a177043"
    dependencies:
      "@types/prop-types" "*"
      csstype "^2.2.0"
  
  asap@~2.0.3:
    version "2.0.6"
    resolved "https://registry.yarnpkg.com/asap/-/asap-2.0.6.tgz#e50347611d7e690943208bbdafebcbc2fb866d46"
  
  "babel-plugin-styled-components@>= 1":
    version "1.8.0"
    resolved "https://registry.yarnpkg.com/babel-plugin-styled-components/-/babel-plugin-styled-components-1.8.0.tgz#9dd054c8e86825203449a852a5746f29f2dab857"
    dependencies:
      "@babel/helper-annotate-as-pure" "^7.0.0"
      lodash "^4.17.10"
  
  core-js@^1.0.0:
    version "1.2.7"
    resolved "http://registry.npmjs.org/core-js/-/core-js-1.2.7.tgz#652294c14651db28fa93bd2d5ff2983a4f08c636"
  
  css-color-keywords@^1.0.0:
    version "1.0.0"
    resolved "https://registry.yarnpkg.com/css-color-keywords/-/css-color-keywords-1.0.0.tgz#fea2616dc676b2962686b3af8dbdbe180b244e05"
  
  css-to-react-native@^2.2.2:
    version "2.2.2"
    resolved "https://registry.yarnpkg.com/css-to-react-native/-/css-to-react-native-2.2.2.tgz#c077d0f7bf3e6c915a539e7325821c9dd01f9965"
    dependencies:
      css-color-keywords "^1.0.0"
      fbjs "^0.8.5"
      postcss-value-parser "^3.3.0"
  
  csstype@^2.2.0:
    version "2.5.5"
    resolved "https://registry.yarnpkg.com/csstype/-/csstype-2.5.5.tgz#4125484a3d42189a863943f23b9e4b80fedfa106"
  
  draft-js@0.10.4:
    version "0.10.4"
    resolved "https://registry.yarnpkg.com/draft-js/-/draft-js-0.10.4.tgz#147741642097c8120d8edc232e9503e8b7fb8d35"
    dependencies:
      fbjs "^0.8.15"
      immutable "~3.7.4"
      object-assign "^4.1.0"
  
  encoding@^0.1.11:
    version "0.1.12"
    resolved "https://registry.yarnpkg.com/encoding/-/encoding-0.1.12.tgz#538b66f3ee62cd1ab51ec323829d1f9480c74beb"
    dependencies:
      iconv-lite "~0.4.13"
  
  esutils@^2.0.2:
    version "2.0.2"
    resolved "https://registry.yarnpkg.com/esutils/-/esutils-2.0.2.tgz#0abf4f1caa5bcb1f7a9d8acc6dea4faaa04bac9b"
  
  eventemitter3@^3.1.0:
    version "3.1.0"
    resolved "https://registry.yarnpkg.com/eventemitter3/-/eventemitter3-3.1.0.tgz#090b4d6cdbd645ed10bf750d4b5407942d7ba163"
  
  fbjs@^0.8.15, fbjs@^0.8.5:
    version "0.8.17"
    resolved "https://registry.yarnpkg.com/fbjs/-/fbjs-0.8.17.tgz#c4d598ead6949112653d6588b01a5cdcd9f90fdd"
    dependencies:
      core-js "^1.0.0"
      isomorphic-fetch "^2.1.1"
      loose-envify "^1.0.0"
      object-assign "^4.1.0"
      promise "^7.1.1"
      setimmediate "^1.0.5"
      ua-parser-js "^0.7.18"
  
  framer@^0.9.7:
    version "0.9.7"
    resolved "https://registry.yarnpkg.com/framer/-/framer-0.9.7.tgz#a539ab5ddfebea21ace8afa69d8c5842ab4a91fa"
    dependencies:
      draft-js "0.10.4"
      eventemitter3 "^3.1.0"
      hsluv "^0.0.3"
      immutable "^3.8.2"
  
  has-flag@^3.0.0:
    version "3.0.0"
    resolved "https://registry.yarnpkg.com/has-flag/-/has-flag-3.0.0.tgz#b5d454dc2199ae225699f3467e5a07f3b955bafd"
  
  hsluv@^0.0.3:
    version "0.0.3"
    resolved "https://registry.yarnpkg.com/hsluv/-/hsluv-0.0.3.tgz#829107dafb4a9f8b52a1809ed02e091eade6754c"
  
  iconv-lite@~0.4.13:
    version "0.4.24"
    resolved "https://registry.yarnpkg.com/iconv-lite/-/iconv-lite-0.4.24.tgz#2022b4b25fbddc21d2f524974a474aafe733908b"
    dependencies:
      safer-buffer ">= 2.1.2 < 3"
  
  immutable@^3.8.2:
    version "3.8.2"
    resolved "https://registry.yarnpkg.com/immutable/-/immutable-3.8.2.tgz#c2439951455bb39913daf281376f1530e104adf3"
  
  immutable@~3.7.4:
    version "3.7.6"
    resolved "http://registry.npmjs.org/immutable/-/immutable-3.7.6.tgz#13b4d3cb12befa15482a26fe1b2ebae640071e4b"
  
  is-stream@^1.0.1:
    version "1.1.0"
    resolved "https://registry.yarnpkg.com/is-stream/-/is-stream-1.1.0.tgz#12d4a3dd4e68e0b79ceb8dbc84173ae80d91ca44"
  
  isomorphic-fetch@^2.1.1:
    version "2.2.1"
    resolved "https://registry.yarnpkg.com/isomorphic-fetch/-/isomorphic-fetch-2.2.1.tgz#611ae1acf14f5e81f729507472819fe9733558a9"
    dependencies:
      node-fetch "^1.0.1"
      whatwg-fetch ">=0.10.0"
  
  "js-tokens@^3.0.0 || ^4.0.0":
    version "4.0.0"
    resolved "https://registry.yarnpkg.com/js-tokens/-/js-tokens-4.0.0.tgz#19203fb59991df98e3a287050d4647cdeaf32499"
  
  lodash@^4.17.10:
    version "4.17.11"
    resolved "https://registry.yarnpkg.com/lodash/-/lodash-4.17.11.tgz#b39ea6229ef607ecd89e2c8df12536891cac9b8d"
  
  loose-envify@^1.0.0, loose-envify@^1.3.1:
    version "1.4.0"
    resolved "https://registry.yarnpkg.com/loose-envify/-/loose-envify-1.4.0.tgz#71ee51fa7be4caec1a63839f7e682d8132d30caf"
    dependencies:
      js-tokens "^3.0.0 || ^4.0.0"
  
  memoize-one@^4.0.0:
    version "4.0.3"
    resolved "https://registry.yarnpkg.com/memoize-one/-/memoize-one-4.0.3.tgz#cdfdd942853f1a1b4c71c5336b8c49da0bf0273c"
  
  node-fetch@^1.0.1:
    version "1.7.3"
    resolved "https://registry.yarnpkg.com/node-fetch/-/node-fetch-1.7.3.tgz#980f6f72d85211a5347c6b2bc18c5b84c3eb47ef"
    dependencies:
      encoding "^0.1.11"
      is-stream "^1.0.1"
  
  object-assign@^4.1.0, object-assign@^4.1.1:
    version "4.1.1"
    resolved "https://registry.yarnpkg.com/object-assign/-/object-assign-4.1.1.tgz#2109adc7965887cfc05cbbd442cac8bfbb360863"
  
  postcss-value-parser@^3.3.0:
    version "3.3.1"
    resolved "https://registry.yarnpkg.com/postcss-value-parser/-/postcss-value-parser-3.3.1.tgz#9ff822547e2893213cf1c30efa51ac5fd1ba8281"
  
  promise@^7.1.1:
    version "7.3.1"
    resolved "https://registry.yarnpkg.com/promise/-/promise-7.3.1.tgz#064b72602b18f90f29192b8b1bc418ffd1ebd3bf"
    dependencies:
      asap "~2.0.3"
  
  prop-types@^15.5.4:
    version "15.6.2"
    resolved "https://registry.yarnpkg.com/prop-types/-/prop-types-15.6.2.tgz#05d5ca77b4453e985d60fc7ff8c859094a497102"
    dependencies:
      loose-envify "^1.3.1"
      object-assign "^4.1.1"
  
  react-is@^16.6.0:
    version "16.6.3"
    resolved "https://registry.yarnpkg.com/react-is/-/react-is-16.6.3.tgz#d2d7462fcfcbe6ec0da56ad69047e47e56e7eac0"
  
  "safer-buffer@>= 2.1.2 < 3":
    version "2.1.2"
    resolved "https://registry.yarnpkg.com/safer-buffer/-/safer-buffer-2.1.2.tgz#44fa161b0187b9549dd84bb91802f9bd8385cd6a"
  
  setimmediate@^1.0.5:
    version "1.0.5"
    resolved "https://registry.yarnpkg.com/setimmediate/-/setimmediate-1.0.5.tgz#290cbb232e306942d7d7ea9b83732ab7856f8285"
  
  styled-components@^4.1.1:
    version "4.1.1"
    resolved "https://registry.yarnpkg.com/styled-components/-/styled-components-4.1.1.tgz#943922048fae556e286bcbfdd29da4f1399446bc"
    dependencies:
      "@emotion/is-prop-valid" "^0.6.8"
      "@emotion/unitless" "^0.7.0"
      babel-plugin-styled-components ">= 1"
      css-to-react-native "^2.2.2"
      memoize-one "^4.0.0"
      prop-types "^15.5.4"
      react-is "^16.6.0"
      stylis "^3.5.0"
      stylis-rule-sheet "^0.0.10"
      supports-color "^5.5.0"
  
  stylis-rule-sheet@^0.0.10:
    version "0.0.10"
    resolved "https://registry.yarnpkg.com/stylis-rule-sheet/-/stylis-rule-sheet-0.0.10.tgz#44e64a2b076643f4b52e5ff71efc04d8c3c4a430"
  
  stylis@^3.5.0:
    version "3.5.4"
    resolved "https://registry.yarnpkg.com/stylis/-/stylis-3.5.4.tgz#f665f25f5e299cf3d64654ab949a57c768b73fbe"
  
  supports-color@^5.5.0:
    version "5.5.0"
    resolved "https://registry.yarnpkg.com/supports-color/-/supports-color-5.5.0.tgz#e2e69a44ac8772f78a1ec0b35b689df6530efc8f"
    dependencies:
      has-flag "^3.0.0"
  
  to-fast-properties@^2.0.0:
    version "2.0.0"
    resolved "https://registry.yarnpkg.com/to-fast-properties/-/to-fast-properties-2.0.0.tgz#dc5e698cbd079265bc73e0377681a4e4e83f616e"
  
  ua-parser-js@^0.7.18:
    version "0.7.19"
    resolved "https://registry.yarnpkg.com/ua-parser-js/-/ua-parser-js-0.7.19.tgz#94151be4c0a7fb1d001af7022fdaca4642659e4b"
  
  whatwg-fetch@>=0.10.0:
    version "3.0.0"
    resolved "https://registry.yarnpkg.com/whatwg-fetch/-/whatwg-fetch-3.0.0.tgz#fc804e458cc460009b1a2b966bc8817d2578aefb"
